
> pet-shop@1.0.0 dev
> lite-server

** browser-sync config **
{
  injectChanges: false,
  files: [ './**/*.{html,htm,css,js}' ],
  watchOptions: { ignored: 'node_modules' },
  server: {
    baseDir: [ './src', './build/contracts' ],
    middleware: [ [Function (anonymous)], [Function (anonymous)] ]
  }
}
[Browsersync] Access URLs:
 --------------------------------------
       Local: http://localhost:3000
    External: http://192.168.0.229:3000
 --------------------------------------
          UI: http://localhost:3001
 UI External: http://localhost:3001
 --------------------------------------
[Browsersync] Serving files from: ./src
[Browsersync] Serving files from: ./build/contracts
[Browsersync] Watching files...
[Browsersync] Couldn't open browser (if you are using BrowserSync in a headless environment, you might want to set the open option to false)
[90m24.07.16 15:26:10[0m [36m304[0m [35mGET[0m [90m/index.html[0m
[90m24.07.16 15:26:10[0m [36m304[0m [35mGET[0m [90m/css/bootstrap.min.css[0m
[90m24.07.16 15:26:10[0m [36m304[0m [35mGET[0m [90m/js/truffle-contract.js[0m
[90m24.07.16 15:26:10[0m [36m304[0m [35mGET[0m [90m/js/bootstrap.min.js[0m
[90m24.07.16 15:26:10[0m [36m304[0m [35mGET[0m [90m/js/web3.min.js[0m
[90m24.07.16 15:26:10[0m [36m304[0m [35mGET[0m [90m/js/app.js[0m
(node:4808) [DEP0066] DeprecationWarning: OutgoingMessage.prototype._headers is deprecated
(Use `node --trace-deprecation ...` to show where the warning was created)
[90m24.07.16 15:26:10[0m [36m304[0m [35mGET[0m [90m/Election1.json[0m
[90m24.07.16 15:26:10[0m [36m304[0m [35mGET[0m [90m/Election2.json[0m
[90m24.07.16 15:26:10[0m [36m304[0m [35mGET[0m [90m/Election3.json[0m
[90m24.07.16 15:26:42[0m [36m304[0m [35mGET[0m [90m/index.html[0m
[90m24.07.16 15:26:43[0m [36m304[0m [35mGET[0m [90m/css/bootstrap.min.css[0m
[90m24.07.16 15:26:43[0m [36m304[0m [35mGET[0m [90m/js/bootstrap.min.js[0m
[90m24.07.16 15:26:43[0m [36m304[0m [35mGET[0m [90m/js/web3.min.js[0m
[90m24.07.16 15:26:43[0m [36m304[0m [35mGET[0m [90m/js/app.js[0m
[90m24.07.16 15:26:43[0m [36m304[0m [35mGET[0m [90m/js/truffle-contract.js[0m
[90m24.07.16 15:26:43[0m [36m304[0m [35mGET[0m [90m/Election1.json[0m
[90m24.07.16 15:26:43[0m [36m304[0m [35mGET[0m [90m/Election2.json[0m
[90m24.07.16 15:26:43[0m [36m304[0m [35mGET[0m [90m/Election3.json[0m
[90m24.07.16 15:32:11[0m [32m200[0m [35mGET[0m [90m/index.html[0m
[90m24.07.16 15:32:28[0m [32m200[0m [35mGET[0m [90m/index.html[0m
[90m24.07.16 15:32:29[0m [32m200[0m [35mGET[0m [90m/css/bootstrap.min.css[0m
[90m24.07.16 15:33:38[0m [32m200[0m [35mGET[0m [90m/index.html[0m
[90m24.07.16 15:33:38[0m [32m200[0m [35mGET[0m [90m/css/bootstrap.min.css[0m
[90m24.07.16 15:33:39[0m [32m200[0m [35mGET[0m [90m/index.html[0m
[90m24.07.16 15:33:39[0m [32m200[0m [35mGET[0m [90m/css/bootstrap.min.css[0m
[90m24.07.16 15:33:46[0m [32m200[0m [35mGET[0m [90m/js/bootstrap.min.js[0m
[90m24.07.16 15:33:46[0m [32m200[0m [35mGET[0m [90m/js/app.js[0m
[90m24.07.16 15:33:46[0m [32m200[0m [35mGET[0m [90m/js/truffle-contract.js[0m
[90m24.07.16 15:33:46[0m [32m200[0m [35mGET[0m [90m/js/bootstrap.min.js[0m
[90m24.07.16 15:33:46[0m [32m200[0m [35mGET[0m [90m/js/app.js[0m
[90m24.07.16 15:33:46[0m [32m200[0m [35mGET[0m [90m/js/web3.min.js[0m
[90m24.07.16 15:33:46[0m [32m200[0m [35mGET[0m [90m/js/web3.min.js[0m
[90m24.07.16 15:33:46[0m [32m200[0m [35mGET[0m [90m/js/truffle-contract.js[0m
[90m24.07.16 15:33:47[0m [33m404[0m [35mGET[0m [90m/favicon.ico[0m
[90m24.07.16 15:33:47[0m [33m404[0m [35mGET[0m [90m/favicon.ico[0m
[90m24.07.16 15:34:25[0m [32m200[0m [35mGET[0m [90m/index.html[0m
[90m24.07.16 15:34:25[0m [32m200[0m [35mGET[0m [90m/index.html[0m
[90m24.07.16 15:34:25[0m [32m200[0m [35mGET[0m [90m/css/bootstrap.min.css[0m
[90m24.07.16 15:34:25[0m [32m200[0m [35mGET[0m [90m/css/bootstrap.min.css[0m
[90m24.07.16 15:34:25[0m [32m200[0m [35mGET[0m [90m/js/bootstrap.min.js[0m
[90m24.07.16 15:34:26[0m [32m200[0m [35mGET[0m [90m/js/bootstrap.min.js[0m
[90m24.07.16 15:34:33[0m [32m200[0m [35mGET[0m [90m/js/app.js[0m
[90m24.07.16 15:34:33[0m [32m200[0m [35mGET[0m [90m/js/web3.min.js[0m
[90m24.07.16 15:34:33[0m [32m200[0m [35mGET[0m [90m/js/truffle-contract.js[0m
[90m24.07.16 15:34:33[0m [32m200[0m [35mGET[0m [90m/js/app.js[0m
[90m24.07.16 15:34:33[0m [32m200[0m [35mGET[0m [90m/js/web3.min.js[0m
[90m24.07.16 15:34:33[0m [32m200[0m [35mGET[0m [90m/js/truffle-contract.js[0m
[90m24.07.16 15:34:34[0m [33m404[0m [35mGET[0m [90m/favicon.ico[0m
[90m24.07.16 15:34:34[0m [32m200[0m [35mGET[0m [90m/Election1.json[0m
[90m24.07.16 15:34:34[0m [33m404[0m [35mGET[0m [90m/favicon.ico[0m
[90m24.07.16 15:34:34[0m [32m200[0m [35mGET[0m [90m/Election2.json[0m
[90m24.07.16 15:34:34[0m [32m200[0m [35mGET[0m [90m/Election1.json[0m
[90m24.07.16 15:34:36[0m [32m200[0m [35mGET[0m [90m/Election3.json[0m
[90m24.07.16 15:34:38[0m [32m200[0m [35mGET[0m [90m/Election3.json[0m
[90m24.07.16 15:34:39[0m [32m200[0m [35mGET[0m [90m/Election2.json[0m
[90m24.07.16 15:34:47[0m [36m304[0m [35mGET[0m [90m/index.html[0m
[90m24.07.16 15:34:47[0m [36m304[0m [35mGET[0m [90m/css/bootstrap.min.css[0m
[90m24.07.16 15:34:47[0m [36m304[0m [35mGET[0m [90m/js/truffle-contract.js[0m
[90m24.07.16 15:34:47[0m [36m304[0m [35mGET[0m [90m/js/bootstrap.min.js[0m
[90m24.07.16 15:34:47[0m [36m304[0m [35mGET[0m [90m/js/web3.min.js[0m
[90m24.07.16 15:34:47[0m [36m304[0m [35mGET[0m [90m/js/app.js[0m
[90m24.07.16 15:34:47[0m [36m304[0m [35mGET[0m [90m/Election1.json[0m
[90m24.07.16 15:34:47[0m [36m304[0m [35mGET[0m [90m/Election2.json[0m
[90m24.07.16 15:34:47[0m [36m304[0m [35mGET[0m [90m/Election3.json[0m
[90m24.07.16 15:39:25[0m [36m304[0m [35mGET[0m [90m/index.html[0m
[90m24.07.16 15:39:25[0m [36m304[0m [35mGET[0m [90m/css/bootstrap.min.css[0m
[90m24.07.16 15:39:25[0m [36m304[0m [35mGET[0m [90m/js/web3.min.js[0m
[90m24.07.16 15:39:25[0m [36m304[0m [35mGET[0m [90m/js/bootstrap.min.js[0m
[90m24.07.16 15:39:25[0m [36m304[0m [35mGET[0m [90m/js/truffle-contract.js[0m
[90m24.07.16 15:39:25[0m [36m304[0m [35mGET[0m [90m/js/app.js[0m
[90m24.07.16 15:39:25[0m [36m304[0m [35mGET[0m [90m/Election1.json[0m
[90m24.07.16 15:39:25[0m [36m304[0m [35mGET[0m [90m/Election3.json[0m
[90m24.07.16 15:39:25[0m [36m304[0m [35mGET[0m [90m/Election2.json[0m
[90m24.07.16 16:33:34[0m [33m404[0m [35mGET[0m [90m/portal/redlion[0m
[90m24.07.16 16:52:17[0m [32m200[0m [35mGET[0m [90m/[0m
[90m24.07.16 17:05:24[0m [33m404[0m [35mGET[0m [90m/cgi-bin/luci/;stok=/locale[0m
[90m24.07.16 17:05:24[0m [33m404[0m [35mGET[0m [90m/cgi-bin/luci/;stok=/locale[0m
[90m24.07.16 17:27:59[0m [32m200[0m [35mGET[0m [90m/[0m
[90m24.07.16 17:31:16[0m [32m200[0m [35mGET[0m [90m/[0m
[90m24.07.16 17:58:17[0m [32m200[0m [35mGET[0m [90m/index.html[0m
[90m24.07.16 17:58:17[0m [32m200[0m [35mGET[0m [90m/css/bootstrap.min.css[0m
[90m24.07.16 17:58:17[0m [32m200[0m [35mGET[0m [90m/js/bootstrap.min.js[0m
[90m24.07.16 17:58:17[0m [32m200[0m [35mGET[0m [90m/js/app.js[0m
[90m24.07.16 17:58:17[0m [32m200[0m [35mGET[0m [90m/js/web3.min.js[0m
[90m24.07.16 17:58:18[0m [32m200[0m [35mGET[0m [90m/js/truffle-contract.js[0m
[90m24.07.16 17:58:18[0m [33m404[0m [35mGET[0m [90m/favicon.ico[0m
[90m24.07.16 17:58:18[0m [32m200[0m [35mGET[0m [90m/Election1.json[0m
[90m24.07.16 17:58:19[0m [32m200[0m [35mGET[0m [90m/Election2.json[0m
[90m24.07.16 17:58:19[0m [32m200[0m [35mGET[0m [90m/Election3.json[0m
[90m24.07.16 17:58:57[0m [32m200[0m [35mGET[0m [90m/index.html[0m
[90m24.07.16 17:58:57[0m [32m200[0m [35mGET[0m [90m/css/bootstrap.min.css[0m
[90m24.07.16 17:58:57[0m [32m200[0m [35mGET[0m [90m/js/bootstrap.min.js[0m
[90m24.07.16 17:58:57[0m [32m200[0m [35mGET[0m [90m/js/app.js[0m
[90m24.07.16 17:58:57[0m [32m200[0m [35mGET[0m [90m/js/web3.min.js[0m
[90m24.07.16 17:58:57[0m [32m200[0m [35mGET[0m [90m/js/truffle-contract.js[0m
[90m24.07.16 17:58:58[0m [33m404[0m [35mGET[0m [90m/favicon.ico[0m
[90m24.07.16 17:58:58[0m [32m200[0m [35mGET[0m [90m/Election1.json[0m
[90m24.07.16 17:58:58[0m [32m200[0m [35mGET[0m [90m/Election3.json[0m
[90m24.07.16 17:58:58[0m [32m200[0m [35mGET[0m [90m/Election2.json[0m
[90m24.07.16 17:59:59[0m [36m304[0m [35mGET[0m [90m/index.html[0m
[90m24.07.16 17:59:59[0m [36m304[0m [35mGET[0m [90m/css/bootstrap.min.css[0m
[90m24.07.16 17:59:59[0m [36m304[0m [35mGET[0m [90m/js/bootstrap.min.js[0m
[90m24.07.16 17:59:59[0m [36m304[0m [35mGET[0m [90m/js/web3.min.js[0m
[90m24.07.16 17:59:59[0m [36m304[0m [35mGET[0m [90m/js/truffle-contract.js[0m
[90m24.07.16 17:59:59[0m [36m304[0m [35mGET[0m [90m/js/app.js[0m
[90m24.07.16 17:59:59[0m [36m304[0m [35mGET[0m [90m/Election1.json[0m
[90m24.07.16 17:59:59[0m [36m304[0m [35mGET[0m [90m/Election2.json[0m
[90m24.07.16 17:59:59[0m [36m304[0m [35mGET[0m [90m/Election3.json[0m
[90m24.07.16 18:01:41[0m [36m304[0m [35mGET[0m [90m/css/bootstrap.min.css[0m
[90m24.07.16 18:01:42[0m [32m200[0m [35mGET[0m [90m/css/bootstrap.min.css.map[0m
[90m24.07.16 18:20:37[0m [32m200[0m [35mGET[0m [90m/index.html[0m
[90m24.07.16 18:39:12[0m [32m200[0m [35mGET[0m [90m/index.html[0m
[90m24.07.16 19:20:04[0m [36m304[0m [35mGET[0m [90m/css/bootstrap.min.css[0m
[90m24.07.16 19:20:04[0m [36m304[0m [35mGET[0m [90m/js/app.js[0m
[90m24.07.16 19:20:04[0m [36m304[0m [35mGET[0m [90m/js/truffle-contract.js[0m
[90m24.07.16 19:20:04[0m [36m304[0m [35mGET[0m [90m/js/web3.min.js[0m
[90m24.07.16 19:20:04[0m [36m304[0m [35mGET[0m [90m/js/bootstrap.min.js[0m
[90m24.07.16 19:20:04[0m [36m304[0m [35mGET[0m [90m/Election2.json[0m
[90m24.07.16 19:20:04[0m [36m304[0m [35mGET[0m [90m/Election1.json[0m
[90m24.07.16 19:20:05[0m [33m404[0m [35mGET[0m [90m/favicon.ico[0m
[90m24.07.16 19:20:05[0m [36m304[0m [35mGET[0m [90m/Election3.json[0m
[90m24.07.16 19:31:25[0m [32m200[0m [35mGET[0m [90m/[0m
[90m24.07.16 19:58:13[0m [32m200[0m [35mGET[0m [90m/[0m
[90m24.07.16 20:03:36[0m [32m200[0m [35mGET[0m [90m/[0m
[90m24.07.16 20:03:38[0m [32m200[0m [35mGET[0m [90m/[0m
[90m24.07.16 20:16:39[0m [32m200[0m [35mGET[0m [90m/[0m
[90m24.07.16 20:29:17[0m [32m200[0m [35mGET[0m [90m/[0m
[90m24.07.16 20:34:04[0m [33m404[0m [35mGET[0m [90m/favicon.ico[0m
[90m24.07.16 21:10:48[0m [32m200[0m [35mGET[0m [90m/[0m
[90m24.07.16 21:27:12[0m [36m304[0m [35mGET[0m [90m/css/bootstrap.min.css[0m
[90m24.07.16 21:27:12[0m [36m304[0m [35mGET[0m [90m/js/web3.min.js[0m
[90m24.07.16 21:27:12[0m [36m304[0m [35mGET[0m [90m/js/bootstrap.min.js[0m
[90m24.07.16 21:27:12[0m [36m304[0m [35mGET[0m [90m/js/truffle-contract.js[0m
[90m24.07.16 21:27:12[0m [36m304[0m [35mGET[0m [90m/js/app.js[0m
[90m24.07.16 21:27:12[0m [36m304[0m [35mGET[0m [90m/Election1.json[0m
[90m24.07.16 21:27:12[0m [36m304[0m [35mGET[0m [90m/Election2.json[0m
[90m24.07.16 21:27:12[0m [36m304[0m [35mGET[0m [90m/Election3.json[0m
[90m24.07.16 21:27:12[0m [33m404[0m [35mGET[0m [90m/favicon.ico[0m
[90m24.07.16 21:27:14[0m [36m304[0m [35mGET[0m [90m/index.html[0m
[90m24.07.16 21:27:14[0m [36m304[0m [35mGET[0m [90m/css/bootstrap.min.css[0m
[90m24.07.16 21:27:14[0m [36m304[0m [35mGET[0m [90m/js/bootstrap.min.js[0m
[90m24.07.16 21:27:14[0m [36m304[0m [35mGET[0m [90m/js/web3.min.js[0m
[90m24.07.16 21:27:14[0m [36m304[0m [35mGET[0m [90m/js/truffle-contract.js[0m
[90m24.07.16 21:27:14[0m [36m304[0m [35mGET[0m [90m/js/app.js[0m
[90m24.07.16 21:27:15[0m [36m304[0m [35mGET[0m [90m/Election1.json[0m
[90m24.07.16 21:27:15[0m [36m304[0m [35mGET[0m [90m/Election2.json[0m
[90m24.07.16 21:27:15[0m [36m304[0m [35mGET[0m [90m/Election3.json[0m
[90m24.07.16 21:27:17[0m [36m304[0m [35mGET[0m [90m/index.html[0m
[90m24.07.16 21:27:17[0m [36m304[0m [35mGET[0m [90m/css/bootstrap.min.css[0m
[90m24.07.16 21:27:17[0m [36m304[0m [35mGET[0m [90m/js/bootstrap.min.js[0m
[90m24.07.16 21:27:17[0m [36m304[0m [35mGET[0m [90m/js/web3.min.js[0m
[90m24.07.16 21:27:17[0m [36m304[0m [35mGET[0m [90m/js/truffle-contract.js[0m
[90m24.07.16 21:27:17[0m [36m304[0m [35mGET[0m [90m/js/app.js[0m
[90m24.07.16 21:27:17[0m [36m304[0m [35mGET[0m [90m/Election1.json[0m
[90m24.07.16 21:27:17[0m [36m304[0m [35mGET[0m [90m/Election2.json[0m
[90m24.07.16 21:27:17[0m [36m304[0m [35mGET[0m [90m/Election3.json[0m
[90m24.07.16 21:27:49[0m [32m200[0m [35mGET[0m [90m/[0m
[90m24.07.16 21:45:56[0m [32m200[0m [35mGET[0m [90m/[0m
[90m24.07.16 22:05:10[0m [32m200[0m [35mGET[0m [90m/[0m
[90m24.07.16 22:45:16[0m [32m200[0m [35mGET[0m [90m/[0m
[90m24.07.16 22:46:36[0m [32m200[0m [35mGET[0m [90m/[0m
[90m24.07.16 22:50:41[0m [32m200[0m [35mGET[0m [90m/index.html[0m
[90m24.07.16 22:50:41[0m [32m200[0m [35mGET[0m [90m/css/bootstrap.min.css[0m
[90m24.07.16 22:50:41[0m [32m200[0m [35mGET[0m [90m/js/bootstrap.min.js[0m
[90m24.07.16 22:50:41[0m [32m200[0m [35mGET[0m [90m/js/app.js[0m
[90m24.07.16 22:50:41[0m [32m200[0m [35mGET[0m [90m/js/web3.min.js[0m
[90m24.07.16 22:50:41[0m [32m200[0m [35mGET[0m [90m/js/truffle-contract.js[0m
[90m24.07.16 22:50:41[0m [33m404[0m [35mGET[0m [90m/favicon.ico[0m
[90m24.07.16 22:50:42[0m [32m200[0m [35mGET[0m [90m/Election1.json[0m
[90m24.07.16 22:50:42[0m [32m200[0m [35mGET[0m [90m/Election2.json[0m
[90m24.07.16 22:50:43[0m [32m200[0m [35mGET[0m [90m/Election3.json[0m
[90m24.07.16 23:12:07[0m [33m404[0m [35mGET[0m [90m/cgi-bin/luci/;stok=/locale[0m
[90m24.07.16 23:12:08[0m [33m404[0m [35mGET[0m [90m/cgi-bin/luci/;stok=/locale[0m
[90m24.07.16 23:16:00[0m [32m200[0m [35mGET[0m [90m/[0m
[90m24.07.16 23:30:43[0m [32m200[0m [35mGET[0m [90m/[0m
[90m24.07.17 00:24:30[0m [32m200[0m [35mGET[0m [90m/[0m
[90m24.07.17 01:09:33[0m [32m200[0m [35mGET[0m [90m/[0m
[90m24.07.17 01:20:45[0m [32m200[0m [35mGET[0m [90m/[0m
[90m24.07.17 01:27:33[0m [32m200[0m [35mGET[0m [90m/[0m
[90m24.07.17 01:27:58[0m [32m200[0m [35mGET[0m [90m/[0m
[90m24.07.17 01:40:34[0m [32m200[0m [35mGET[0m [90m/[0m
[90m24.07.17 02:19:10[0m [32m200[0m [35mGET[0m [90m/[0m
[90m24.07.17 02:21:16[0m [33m404[0m [35mGET[0m [90m/cgi-bin/luci/;stok=/locale[0m
[90m24.07.17 02:29:10[0m [32m200[0m [35mGET[0m [90m/[0m
[90m24.07.17 03:25:55[0m [33m404[0m [35mGET[0m [90m/.env[0m
[90m24.07.17 03:25:55[0m [33m404[0m [35mPOST[0m [90m/[0m
[90m24.07.17 03:48:53[0m [32m200[0m [35mGET[0m [90m/[0m
[90m24.07.17 03:59:55[0m [32m200[0m [35mGET[0m [90m/[0m
[90m24.07.17 04:22:30[0m [32m200[0m [35mGET[0m [90m/[0m
[90m24.07.17 04:23:42[0m [32m200[0m [35mGET[0m [90m/[0m
[90m24.07.17 04:23:47[0m [32m200[0m [35mGET[0m [90m/[0m
[90m24.07.17 04:33:43[0m [32m200[0m [35mGET[0m [90m/[0m
[90m24.07.17 04:40:44[0m [32m200[0m [35mGET[0m [90m/[0m
[90m24.07.17 04:59:03[0m [32m200[0m [35mGET[0m [90m/[0m
[90m24.07.17 04:59:04[0m [33m404[0m [35mGET[0m [90m/aspera/faspex/[0m
[90m24.07.17 05:01:32[0m [32m200[0m [35mGET[0m [90m/[0m
[90m24.07.17 05:02:46[0m [33m404[0m [35mGET[0m [90m/cgi-bin/luci/;stok=/locale[0m
[90m24.07.17 05:26:22[0m [32m200[0m [35mGET[0m [90m/[0m
[90m24.07.17 05:35:31[0m [32m200[0m [35mGET[0m [90m/[0m
[90m24.07.17 06:17:57[0m [32m200[0m [35mGET[0m [90m/[0m
[90m24.07.17 06:17:58[0m [33m404[0m [35mOPTIONS[0m [90m/[0m
[90m24.07.17 06:17:58[0m [33m404[0m [35mOPTIONS[0m [90m/[0m
[90m24.07.17 06:17:58[0m [33m404[0m [35mGET[0m [90m/nice ports%2C/Trinity.txt.bak[0m
[90m24.07.17 06:18:03[0m [32m200[0m [35mGET[0m [90m/[0m
[90m24.07.17 06:18:03[0m [33m404[0m [35mGET[0m [90m/ac6b[0m
[90m24.07.17 06:18:04[0m [32m200[0m [35mGET[0m [90m/[0m
[90m24.07.17 06:18:04[0m [33m404[0m [35mPOST[0m [90m/sdk[0m
[90m24.07.17 06:18:04[0m [33m404[0m [35mGET[0m [90m/start.shtml[0m
[90m24.07.17 06:18:04[0m [33m404[0m [35mGET[0m [90m/nmaplowercheck1721189883[0m
[90m24.07.17 06:18:04[0m [33m404[0m [35mGET[0m [90m/.git/HEAD[0m
[90m24.07.17 06:18:04[0m [33m404[0m [35mGET[0m [90m/Portal0000.htm[0m
[90m24.07.17 06:18:04[0m [33m404[0m [35mGET[0m [90m/rest/applinks/1.0/manifest[0m
[90m24.07.17 06:18:04[0m [33m404[0m [35mGET[0m [90m/CSS/Miniweb.css[0m
[90m24.07.17 06:18:04[0m [33m404[0m [35mGET[0m [90m/Portal/Portal.mwsl[0m
[90m24.07.17 06:18:04[0m [33m404[0m [35mGET[0m [90m/server-status[0m
[90m24.07.17 06:18:04[0m [32m200[0m [35mGET[0m [90m/[0m
[90m24.07.17 06:18:04[0m [33m404[0m [35mPOST[0m [90m/scripts/WPnBr.dll[0m
[90m24.07.17 06:18:04[0m [33m404[0m [35mGET[0m [90m/favicon.ico[0m
[90m24.07.17 06:18:04[0m [32m200[0m [35mHEAD[0m [90m/[0m
[90m24.07.17 06:18:04[0m [33m404[0m [35mGET[0m [90m/default.php[0m
[90m24.07.17 06:18:04[0m [33m404[0m [35mGET[0m [90m/HNAP1[0m
[90m24.07.17 06:18:04[0m [33m404[0m [35mGET[0m [90m/pools/default/buckets[0m
[90m24.07.17 06:18:05[0m [33m404[0m [35mGET[0m [90m/__Additional[0m
[90m24.07.17 06:18:05[0m [33m404[0m [35mGET[0m [90m/confluence/rest/applinks/1.0/manifest[0m
[90m24.07.17 06:18:05[0m [32m200[0m [35mGET[0m [90m/[0m
[90m24.07.17 06:18:05[0m [33m404[0m [35mGET[0m [90m/docs/cplugError.html/[0m
[90m24.07.17 06:18:05[0m [32m200[0m [35mGET[0m [90m/[0m
[90m24.07.17 06:18:05[0m [33m404[0m [35mGET[0m [90m/robots.txt[0m
[90m24.07.17 06:18:05[0m [32m200[0m [35mGET[0m [90m/[0m
[90m24.07.17 06:18:05[0m [33m404[0m [35mGET[0m [90m/pools[0m
[90m24.07.17 06:18:05[0m [33m404[0m [35mGET[0m [90m/index.pl[0m
[90m24.07.17 06:18:05[0m [33m404[0m [35mGET[0m [90m/admin.cfm[0m
[90m24.07.17 06:18:05[0m [32m200[0m [35mGET[0m [90m/[0m
[90m24.07.17 06:18:05[0m [33m404[0m [35mGET[0m [90m/start.jsa[0m
[90m24.07.17 06:18:05[0m [33m404[0m [35mGET[0m [90m/start.php[0m
[90m24.07.17 06:18:06[0m [33m404[0m [35mGET[0m [90m/menu.cfm[0m
[90m24.07.17 06:18:06[0m [33m404[0m [35mGET[0m [90m/indice.pl[0m
[90m24.07.17 06:18:06[0m [33m404[0m [35mGET[0m [90m/inicio.shtml[0m
[90m24.07.17 06:18:06[0m [33m404[0m [35mGET[0m [90m/default.pl[0m
[90m24.07.17 06:18:06[0m [33m404[0m [35mGET[0m [90m/index.jsp[0m
[90m24.07.17 06:18:06[0m [33m404[0m [35mGET[0m [90m/default.aspx[0m
[90m24.07.17 06:18:06[0m [33m404[0m [35mGET[0m [90m/readme.txt[0m
[90m24.07.17 06:18:07[0m [33m404[0m [35mGET[0m [90m/admin.shtml[0m
[90m24.07.17 06:18:07[0m [33m404[0m [35mGET[0m [90m/admin.pl[0m
[90m24.07.17 06:18:07[0m [33m404[0m [35mGET[0m [90m/menu.cgi[0m
[90m24.07.17 06:18:07[0m [33m404[0m [35mGET[0m [90m/start.cfm[0m
[90m24.07.17 06:18:07[0m [33m404[0m [35mGET[0m [90m/main.asp[0m
[90m24.07.17 06:18:07[0m [33m404[0m [35mGET[0m [90m/indice.shtml[0m
[90m24.07.17 06:18:08[0m [33m404[0m [35mGET[0m [90m/admin.jsp[0m
[90m24.07.17 06:18:08[0m [33m404[0m [35mGET[0m [90m/main.jsp[0m
[90m24.07.17 06:18:08[0m [33m404[0m [35mGET[0m [90m/localstart.php[0m
[90m24.07.17 06:18:08[0m [33m404[0m [35mGET[0m [90m/localstart.cfm[0m
[90m24.07.17 06:18:08[0m [33m404[0m [35mGET[0m [90m/inicio.jsp[0m
[90m24.07.17 06:18:08[0m [33m404[0m [35mGET[0m [90m/inicio.jsa[0m
[90m24.07.17 06:18:08[0m [33m404[0m [35mGET[0m [90m/admin.jhtml[0m
[90m24.07.17 06:18:09[0m [33m404[0m [35mGET[0m [90m/index.shtml[0m
[90m24.07.17 06:18:09[0m [33m404[0m [35mGET[0m [90m/admin.html[0m
[90m24.07.17 06:18:09[0m [33m404[0m [35mGET[0m [90m/start.jhtml[0m
[90m24.07.17 06:18:09[0m [33m404[0m [35mGET[0m [90m/indice.cfm[0m
[90m24.07.17 06:18:09[0m [33m404[0m [35mGET[0m [90m/start.html[0m
[90m24.07.17 06:18:09[0m [33m404[0m [35mGET[0m [90m/menu.asp[0m
[90m24.07.17 06:18:10[0m [33m404[0m [35mGET[0m [90m/start.jsp[0m
[90m24.07.17 06:18:10[0m [33m404[0m [35mGET[0m [90m/home.aspx[0m
[90m24.07.17 06:18:10[0m [33m404[0m [35mGET[0m [90m/home.html[0m
[90m24.07.17 06:18:10[0m [33m404[0m [35mGET[0m [90m/indice.aspx[0m
[90m24.07.17 06:18:10[0m [33m404[0m [35mGET[0m [90m/localstart.jsp[0m
[90m24.07.17 06:18:10[0m [33m404[0m [35mGET[0m [90m/admin.aspx[0m
[90m24.07.17 06:18:10[0m [33m404[0m [35mGET[0m [90m/index.jhtml[0m
[90m24.07.17 06:18:11[0m [33m404[0m [35mGET[0m [90m/admin.asp[0m
[90m24.07.17 06:18:11[0m [33m404[0m [35mGET[0m [90m/main.cfm[0m
[90m24.07.17 06:18:11[0m [33m404[0m [35mGET[0m [90m/inicio.pl[0m
[90m24.07.17 06:18:11[0m [33m404[0m [35mGET[0m [90m/inicio.jhtml[0m
[90m24.07.17 06:18:11[0m [33m404[0m [35mGET[0m [90m/admin.cgi[0m
[90m24.07.17 06:18:11[0m [33m404[0m [35mGET[0m [90m/indice.jsp[0m
[90m24.07.17 06:18:11[0m [33m404[0m [35mGET[0m [90m/default.jsp[0m
[90m24.07.17 06:18:12[0m [33m404[0m [35mGET[0m [90m/base.jsp[0m
[90m24.07.17 06:18:12[0m [33m404[0m [35mGET[0m [90m/localstart.html[0m
[90m24.07.17 06:18:12[0m [33m404[0m [35mGET[0m [90m/base.jsa[0m
[90m24.07.17 06:18:12[0m [33m404[0m [35mGET[0m [90m/inicio.cfm[0m
[90m24.07.17 06:18:12[0m [33m404[0m [35mGET[0m [90m/base.jhtml[0m
[90m24.07.17 06:18:12[0m [33m404[0m [35mGET[0m [90m/menu.pl[0m
[90m24.07.17 06:18:13[0m [33m404[0m [35mGET[0m [90m/default.cgi[0m
[90m24.07.17 06:18:13[0m [33m404[0m [35mGET[0m [90m/menu.shtml[0m
[90m24.07.17 06:18:13[0m [33m404[0m [35mGET[0m [90m/menu.html[0m
[90m24.07.17 06:18:13[0m [33m404[0m [35mGET[0m [90m/base.inc[0m
[90m24.07.17 06:18:13[0m [33m404[0m [35mGET[0m [90m/default.html[0m
[90m24.07.17 06:18:13[0m [32m200[0m [35mGET[0m [90m/index.html[0m
[90m24.07.17 06:18:13[0m [33m404[0m [35mGET[0m [90m/main.shtml[0m
[90m24.07.17 06:18:14[0m [33m404[0m [35mGET[0m [90m/base.cgi[0m
[90m24.07.17 06:18:14[0m [33m404[0m [35mGET[0m [90m/inicio.aspx[0m
[90m24.07.17 06:18:14[0m [33m404[0m [35mGET[0m [90m/localstart.jhtml[0m
[90m24.07.17 06:18:14[0m [33m404[0m [35mGET[0m [90m/base.cfm[0m
[90m24.07.17 06:18:14[0m [33m404[0m [35mGET[0m [90m/base.aspx[0m
[90m24.07.17 06:18:14[0m [33m404[0m [35mGET[0m [90m/base.asp[0m
[90m24.07.17 06:18:14[0m [33m404[0m [35mGET[0m [90m/admin.php[0m
[90m24.07.17 06:18:14[0m [33m404[0m [35mGET[0m [90m/main.jsa[0m
[90m24.07.17 06:18:14[0m [33m404[0m [35mGET[0m [90m/index.aspx[0m
[90m24.07.17 06:18:14[0m [33m404[0m [35mGET[0m [90m/start.pl[0m
[90m24.07.17 06:18:14[0m [33m404[0m [35mGET[0m [90m/indice.asp[0m
[90m24.07.17 06:18:14[0m [33m404[0m [35mGET[0m [90m/default.jsa[0m
[90m24.07.17 06:18:14[0m [33m404[0m [35mGET[0m [90m/indice.php[0m
[90m24.07.17 06:18:14[0m [33m404[0m [35mGET[0m [90m/index.cgi[0m
[90m24.07.17 06:18:14[0m [33m404[0m [35mGET[0m [90m/base.php[0m
[90m24.07.17 06:18:14[0m [33m404[0m [35mGET[0m [90m/base.pl[0m
[90m24.07.17 06:18:14[0m [33m404[0m [35mGET[0m [90m/home.jsa[0m
[90m24.07.17 06:18:14[0m [33m404[0m [35mGET[0m [90m/main.php[0m
[90m24.07.17 06:18:15[0m [33m404[0m [35mGET[0m [90m/indice.cgi[0m
[90m24.07.17 06:18:15[0m [33m404[0m [35mGET[0m [90m/default.jhtml[0m
[90m24.07.17 06:18:15[0m [33m404[0m [35mGET[0m [90m/home.pl[0m
[90m24.07.17 06:18:15[0m [33m404[0m [35mGET[0m [90m/home.asp[0m
[90m24.07.17 06:18:15[0m [33m404[0m [35mGET[0m [90m/localstart.shtml[0m
[90m24.07.17 06:18:15[0m [33m404[0m [35mGET[0m [90m/indice.html[0m
[90m24.07.17 06:18:15[0m [33m404[0m [35mGET[0m [90m/indice.jhtml[0m
[90m24.07.17 06:18:15[0m [33m404[0m [35mGET[0m [90m/inicio.php[0m
[90m24.07.17 06:18:15[0m [33m404[0m [35mGET[0m [90m/admin.jsa[0m
[90m24.07.17 06:18:15[0m [33m404[0m [35mGET[0m [90m/localstart.asp[0m
[90m24.07.17 06:18:15[0m [33m404[0m [35mGET[0m [90m/inicio.cgi[0m
[90m24.07.17 06:18:15[0m [33m404[0m [35mGET[0m [90m/inicio.asp[0m
[90m24.07.17 06:18:15[0m [33m404[0m [35mGET[0m [90m/default.asp[0m
[90m24.07.17 06:18:15[0m [33m404[0m [35mGET[0m [90m/index.php[0m
[90m24.07.17 06:18:15[0m [33m404[0m [35mGET[0m [90m/localstart.pl[0m
[90m24.07.17 06:18:15[0m [33m404[0m [35mGET[0m [90m/localstart.jsa[0m
[90m24.07.17 06:18:15[0m [33m404[0m [35mGET[0m [90m/menu.jhtml[0m
[90m24.07.17 06:18:16[0m [33m404[0m [35mGET[0m [90m/home.cgi[0m
[90m24.07.17 06:18:16[0m [33m404[0m [35mGET[0m [90m/index.cfm[0m
[90m24.07.17 06:18:16[0m [32m200[0m [35mGET[0m [90m/[0m
[90m24.07.17 06:18:16[0m [32m200[0m [35mGET[0m [90m/[0m
[90m24.07.17 06:31:57[0m [33m404[0m [35mGET[0m [90m/cgi-bin/nas_sharing.cgi[0m
[90m24.07.17 06:46:09[0m [32m200[0m [35mGET[0m [90m/[0m
[90m24.07.17 06:46:09[0m [33m404[0m [35mPOST[0m [90m/HNAP1/[0m
[90m24.07.17 06:52:08[0m [32m200[0m [35mGET[0m [90m/[0m
[90m24.07.17 06:53:18[0m [32m200[0m [35mGET[0m [90m/[0m
[90m24.07.17 07:02:54[0m [32m200[0m [35mGET[0m [90m/[0m
[90m24.07.17 07:07:23[0m [32m200[0m [35mGET[0m [90m/[0m
[90m24.07.17 07:17:46[0m [33m404[0m [35mGET[0m [90m/cgi-bin/luci/;stok=/locale[0m
[90m24.07.17 07:17:46[0m [33m404[0m [35mGET[0m [90m/cgi-bin/luci/;stok=/locale[0m
[90m24.07.17 07:41:15[0m [32m200[0m [35mGET[0m [90m/[0m
[90m24.07.17 07:45:07[0m [32m200[0m [35mGET[0m [90m/[0m
[90m24.07.17 07:45:16[0m [32m200[0m [35mGET[0m [90m/[0m
[90m24.07.17 07:47:11[0m [33m404[0m [35mGET[0m [90m/favicon.ico[0m
[90m24.07.17 07:47:43[0m [33m404[0m [35mGET[0m [90m/geoserver/web/[0m
[90m24.07.17 08:36:20[0m [32m200[0m [35mGET[0m [90m/[0m
[90m24.07.17 08:37:24[0m [36m304[0m [35mGET[0m [90m/index.html[0m
[90m24.07.17 08:37:24[0m [36m304[0m [35mGET[0m [90m/css/bootstrap.min.css[0m
[90m24.07.17 08:37:24[0m [36m304[0m [35mGET[0m [90m/js/bootstrap.min.js[0m
[90m24.07.17 08:37:24[0m [36m304[0m [35mGET[0m [90m/js/web3.min.js[0m
[90m24.07.17 08:37:24[0m [36m304[0m [35mGET[0m [90m/js/truffle-contract.js[0m
[90m24.07.17 08:37:24[0m [36m304[0m [35mGET[0m [90m/js/app.js[0m
[90m24.07.17 08:37:25[0m [36m304[0m [35mGET[0m [90m/Election1.json[0m
[90m24.07.17 08:37:25[0m [36m304[0m [35mGET[0m [90m/Election2.json[0m
[90m24.07.17 08:37:25[0m [36m304[0m [35mGET[0m [90m/Election3.json[0m
[90m24.07.17 08:38:34[0m [32m200[0m [35mGET[0m [90m/[0m
[90m24.07.17 08:38:54[0m [33m404[0m [35mGET[0m [90m/bootstrap.min.js[0m
[90m24.07.17 08:38:54[0m [33m404[0m [35mGET[0m [90m//oss.maxcdn.com/html5shiv/3.7.3/html5shiv.min.js[0m
[90m24.07.17 08:38:54[0m [33m404[0m [35mGET[0m [90m/web3.min.js[0m
[90m24.07.17 08:38:54[0m [33m404[0m [35mGET[0m [90m/app.js[0m
[90m24.07.17 08:38:54[0m [33m404[0m [35mGET[0m [90m//ajax.googleapis.com/ajax/libs/jquery/1.12.4/jquery.min.js[0m
[90m24.07.17 08:38:54[0m [33m404[0m [35mGET[0m [90m//oss.maxcdn.com/respond/1.4.2/respond.min.js[0m
[90m24.07.17 08:38:55[0m [33m404[0m [35mGET[0m [90m/truffle-contract.js[0m
[90m24.07.17 08:45:22[0m [32m200[0m [35mGET[0m [90m/[0m
[90m24.07.17 08:45:37[0m [33m404[0m [35mGET[0m [90m/web3.min.js[0m
[90m24.07.17 08:45:37[0m [33m404[0m [35mGET[0m [90m/app.js[0m
[90m24.07.17 08:45:37[0m [33m404[0m [35mGET[0m [90m/truffle-contract.js[0m
[90m24.07.17 08:45:38[0m [33m404[0m [35mGET[0m [90m//oss.maxcdn.com/html5shiv/3.7.3/html5shiv.min.js[0m
[90m24.07.17 08:45:38[0m [33m404[0m [35mGET[0m [90m/bootstrap.min.js[0m
[90m24.07.17 08:45:38[0m [33m404[0m [35mGET[0m [90m//oss.maxcdn.com/respond/1.4.2/respond.min.js[0m
[90m24.07.17 08:45:38[0m [33m404[0m [35mGET[0m [90m//ajax.googleapis.com/ajax/libs/jquery/1.12.4/jquery.min.js[0m
[90m24.07.17 08:51:39[0m [32m200[0m [35mGET[0m [90m/[0m
[90m24.07.17 08:56:51[0m [33m404[0m [35mGET[0m [90m/.env[0m
[90m24.07.17 09:00:12[0m [32m200[0m [35mGET[0m [90m/[0m
[90m24.07.17 09:01:33[0m [32m200[0m [35mGET[0m [90m/[0m
[90m24.07.17 09:32:30[0m [32m200[0m [35mGET[0m [90m/[0m
[90m24.07.17 09:37:13[0m [32m200[0m [35mGET[0m [90m/[0m
[90m24.07.17 09:42:13[0m [33m404[0m [35mPOST[0m [90m/Autodiscover/Autodiscover.xml[0m
[90m24.07.17 09:45:51[0m [33m404[0m [35mPOST[0m [90m/vendor/phpunit/phpunit/src/Util/PHP/eval-stdin.php[0m
[90m24.07.17 09:47:03[0m [32m200[0m [35mGET[0m [90m/[0m
[90m24.07.17 09:56:39[0m [33m404[0m [35mGET[0m [90m/vendor/phpunit/phpunit/src/Util/PHP/eval-stdin.php[0m
[90m24.07.17 10:02:26[0m [33m404[0m [35mGET[0m [90m/solr/admin/info/system[0m
[90m24.07.17 10:02:56[0m [32m200[0m [35mGET[0m [90m/[0m
[90m24.07.17 10:11:41[0m [36m304[0m [35mGET[0m [90m/index.html[0m
[90m24.07.17 10:11:41[0m [36m304[0m [35mGET[0m [90m/css/bootstrap.min.css[0m
[90m24.07.17 10:11:41[0m [36m304[0m [35mGET[0m [90m/js/bootstrap.min.js[0m
[90m24.07.17 10:11:41[0m [36m304[0m [35mGET[0m [90m/js/web3.min.js[0m
[90m24.07.17 10:11:41[0m [36m304[0m [35mGET[0m [90m/js/app.js[0m
[90m24.07.17 10:11:41[0m [36m304[0m [35mGET[0m [90m/js/truffle-contract.js[0m
[90m24.07.17 10:11:41[0m [36m304[0m [35mGET[0m [90m/Election3.json[0m
[90m24.07.17 10:11:41[0m [36m304[0m [35mGET[0m [90m/Election2.json[0m
[90m24.07.17 10:11:41[0m [36m304[0m [35mGET[0m [90m/Election1.json[0m
[90m24.07.17 10:23:57[0m [32m200[0m [35mGET[0m [90m/[0m
[90m24.07.17 10:24:29[0m [32m200[0m [35mGET[0m [90m/[0m
